<?xml version="1.0" encoding="UTF-8"?>
<!-- Generated by org.testng.reporters.JUnitXMLReporter -->
<testsuite ignored="0" hostname="Pranav-PC" failures="0" tests="3" name="Default test" time="3.287" errors="0" timestamp="2023-05-08T10:01:58 IST">
  <testcase classname="com.tests.LoginTest" name="test01" time="0.931"/>
  <testcase classname="com.tests.LoginTest" name="test02" time="0.275"/>
  <testcase classname="com.tests.LoginTest" name="test03" time="1.937"/>
</testsuite> <!-- Default test -->
