<?xml version="1.0" encoding="UTF-8"?>
<testng-results ignored="0" total="3" passed="3" failed="0" skipped="0">
  <reporter-output>
  </reporter-output>
  <suite started-at="2023-05-08T10:01:55 IST" name="Default suite" finished-at="2023-05-08T10:01:58 IST" duration-ms="3287">
    <groups>
    </groups>
    <test started-at="2023-05-08T10:01:55 IST" name="Default test" finished-at="2023-05-08T10:01:58 IST" duration-ms="3287">
      <class name="com.tests.LoginTest">
        <test-method is-config="true" signature="setup()[pri:0, instance:com.tests.LoginTest@101952da]" started-at="2023-05-08T10:01:48 IST" name="setup" finished-at="2023-05-08T10:01:55 IST" duration-ms="7038" status="PASS">
          <reporter-output>
          </reporter-output>
        </test-method> <!-- setup -->
        <test-method signature="test01()[pri:1, instance:com.tests.LoginTest@101952da]" started-at="2023-05-08T10:01:55 IST" name="test01" finished-at="2023-05-08T10:01:56 IST" duration-ms="931" status="PASS">
          <reporter-output>
          </reporter-output>
        </test-method> <!-- test01 -->
        <test-method signature="test02()[pri:2, instance:com.tests.LoginTest@101952da]" started-at="2023-05-08T10:01:56 IST" name="test02" finished-at="2023-05-08T10:01:56 IST" duration-ms="275" status="PASS">
          <reporter-output>
          </reporter-output>
        </test-method> <!-- test02 -->
        <test-method signature="test03()[pri:3, instance:com.tests.LoginTest@101952da]" started-at="2023-05-08T10:01:56 IST" name="test03" finished-at="2023-05-08T10:01:58 IST" duration-ms="1937" status="PASS">
          <reporter-output>
          </reporter-output>
        </test-method> <!-- test03 -->
      </class> <!-- com.tests.LoginTest -->
    </test> <!-- Default test -->
  </suite> <!-- Default suite -->
</testng-results>
